<?xml version="1.0" encoding="UTF-8"?>
<!-- Generated by org.testng.reporters.JUnitXMLReporter -->
<testsuite ignored="0" hostname="DESKTOP-VPOCKJB" failures="1" tests="26" name="Test2" time="1.062" errors="0" timestamp="2024-08-21T12:51:16 IST">
  <testcase classname="base.ProjectsSpecificMethod" name="@BeforeMethod browserLaunch" time="-1.724224876303E9">
    <failure type="org.testng.TestNGException" message="
Parameter &amp;apos;browser&amp;apos; is required by BeforeMethod on method browserLaunch but has not been marked @Optional or defined
in D:\JavaConcept\pageobjectmodeljat21\testngparallel.xml">
      <![CDATA[org.testng.TestNGException: 
Parameter 'browser' is required by BeforeMethod on method browserLaunch but has not been marked @Optional or defined
in D:\JavaConcept\pageobjectmodeljat21\testngparallel.xml
at java.base/java.util.ArrayList.forEach(ArrayList.java:1511)
... Removed 28 stack frames]]>
    </failure>
  </testcase> <!-- @BeforeMethod browserLaunch -->
  <testcase classname="base.ProjectsSpecificMethod" name="@AfterMethod browserClose" time="0.0">
    <skipped/>
  </testcase> <!-- @AfterMethod browserClose -->
  <testcase classname="base.ProjectsSpecificMethod" name="@BeforeMethod browserLaunch" time="0.0">
    <skipped/>
  </testcase> <!-- @BeforeMethod browserLaunch -->
  <testcase classname="base.ProjectsSpecificMethod" name="@AfterMethod browserClose" time="0.0">
    <skipped/>
  </testcase> <!-- @AfterMethod browserClose -->
  <testcase classname="base.ProjectsSpecificMethod" name="@BeforeMethod browserLaunch" time="0.0">
    <skipped/>
  </testcase> <!-- @BeforeMethod browserLaunch -->
  <testcase classname="base.ProjectsSpecificMethod" name="@AfterMethod browserClose" time="0.0">
    <skipped/>
  </testcase> <!-- @AfterMethod browserClose -->
  <testcase classname="base.ProjectsSpecificMethod" name="@BeforeMethod browserLaunch" time="0.0">
    <skipped/>
  </testcase> <!-- @BeforeMethod browserLaunch -->
  <testcase classname="base.ProjectsSpecificMethod" name="@AfterMethod browserClose" time="0.0">
    <skipped/>
  </testcase> <!-- @AfterMethod browserClose -->
  <testcase classname="base.ProjectsSpecificMethod" name="@BeforeMethod browserLaunch" time="-1.724224876412E9">
    <failure type="org.testng.TestNGException" message="
Parameter &amp;apos;browser&amp;apos; is required by BeforeMethod on method browserLaunch but has not been marked @Optional or defined
in D:\JavaConcept\pageobjectmodeljat21\testngparallel.xml">
      <![CDATA[org.testng.TestNGException: 
Parameter 'browser' is required by BeforeMethod on method browserLaunch but has not been marked @Optional or defined
in D:\JavaConcept\pageobjectmodeljat21\testngparallel.xml
at java.base/java.util.ArrayList.forEach(ArrayList.java:1511)
... Removed 28 stack frames]]>
    </failure>
  </testcase> <!-- @BeforeMethod browserLaunch -->
  <testcase classname="base.ProjectsSpecificMethod" name="@AfterMethod browserClose" time="0.0">
    <skipped/>
  </testcase> <!-- @AfterMethod browserClose -->
  <testcase classname="base.ProjectsSpecificMethod" name="@BeforeMethod browserLaunch" time="0.0">
    <skipped/>
  </testcase> <!-- @BeforeMethod browserLaunch -->
  <testcase classname="base.ProjectsSpecificMethod" name="@AfterMethod browserClose" time="0.0">
    <skipped/>
  </testcase> <!-- @AfterMethod browserClose -->
  <testcase classname="base.ProjectsSpecificMethod" name="@BeforeMethod browserLaunch" time="0.0">
    <skipped/>
  </testcase> <!-- @BeforeMethod browserLaunch -->
  <testcase classname="base.ProjectsSpecificMethod" name="@AfterMethod browserClose" time="0.0">
    <skipped/>
  </testcase> <!-- @AfterMethod browserClose -->
  <testcase classname="base.ProjectsSpecificMethod" name="@BeforeMethod browserLaunch" time="0.0">
    <skipped/>
  </testcase> <!-- @BeforeMethod browserLaunch -->
  <testcase classname="base.ProjectsSpecificMethod" name="@AfterMethod browserClose" time="0.0">
    <skipped/>
  </testcase> <!-- @AfterMethod browserClose -->
  <testcase classname="base.ProjectsSpecificMethod" name="@BeforeMethod browserLaunch" time="-1.724224876429E9">
    <failure type="org.testng.TestNGException" message="
Parameter &amp;apos;browser&amp;apos; is required by BeforeMethod on method browserLaunch but has not been marked @Optional or defined
in D:\JavaConcept\pageobjectmodeljat21\testngparallel.xml">
      <![CDATA[org.testng.TestNGException: 
Parameter 'browser' is required by BeforeMethod on method browserLaunch but has not been marked @Optional or defined
in D:\JavaConcept\pageobjectmodeljat21\testngparallel.xml
at java.base/java.util.ArrayList.forEach(ArrayList.java:1511)
... Removed 28 stack frames]]>
    </failure>
  </testcase> <!-- @BeforeMethod browserLaunch -->
  <testcase classname="base.ProjectsSpecificMethod" name="@AfterMethod browserClose" time="0.0">
    <skipped/>
  </testcase> <!-- @AfterMethod browserClose -->
  <testcase classname="pageobjectmodeljat21.TC001_LoginTest" name="LoginTest" time="0.0">
    <skipped/>
  </testcase> <!-- LoginTest -->
  <testcase classname="pageobjectmodeljat21.TC001_LoginTest" name="LoginTest" time="0.0">
    <skipped/>
  </testcase> <!-- LoginTest -->
  <testcase classname="pageobjectmodeljat21.TC001_LoginTest" name="LoginTest" time="0.0">
    <skipped/>
  </testcase> <!-- LoginTest -->
  <testcase classname="pageobjectmodeljat21.TC001_LoginTest" name="LoginTest" time="0.0">
    <skipped/>
  </testcase> <!-- LoginTest -->
  <testcase classname="pageobjectmodeljat21.TC002_SignupTest" name="SignupTest" time="0.0">
    <skipped/>
  </testcase> <!-- SignupTest -->
  <testcase classname="pageobjectmodeljat21.TC002_SignupTest" name="SignupTest" time="0.0">
    <skipped/>
  </testcase> <!-- SignupTest -->
  <testcase classname="pageobjectmodeljat21.TC002_SignupTest" name="SignupTest" time="0.0">
    <skipped/>
  </testcase> <!-- SignupTest -->
  <testcase classname="pageobjectmodeljat21.TC002_SignupTest" name="SignupTest" time="0.0">
    <skipped/>
  </testcase> <!-- SignupTest -->
  <testcase classname="pageobjectmodeljat21.TC003_HomeTest" name="test1" time="0.0">
    <skipped/>
  </testcase> <!-- test1 -->
  <testcase classname="pageobjectmodeljat21.TC004_TestDemo" name="Homepage" time="0.001"/>
  <testcase classname="pageobjectmodeljat21.TC004_TestDemo" name="Signup" time="0.001"/>
  <testcase classname="pageobjectmodeljat21.TC004_TestDemo" name="Login" time="0.001"/>
  <testcase classname="pageobjectmodeljat21.TC004_TestDemo" name="Cartadd" time="0.001"/>
  <testcase classname="pageobjectmodeljat21.TC004_TestDemo" name="Logout" time="0.0"/>
  <testcase classname="pageobjectmodeljat21.TC005_Testnew" name="login" time="0.001"/>
  <testcase classname="pageobjectmodeljat21.TC005_Testnew" name="addskillssetDetails" time="0.001"/>
  <testcase classname="pageobjectmodeljat21.TC005_Testnew" name="addeducationdetails" time="0.001"/>
  <testcase classname="pageobjectmodeljat21.TC005_Testnew" name="logout" time="0.0"/>
  <testcase classname="pageobjectmodeljat21.TC006_TestGroup" name="login" time="0.001"/>
  <testcase classname="pageobjectmodeljat21.TC006_TestGroup" name="createCustomer" time="0.001"/>
  <testcase classname="pageobjectmodeljat21.TC006_TestGroup" name="createadmin" time="0.001"/>
  <testcase classname="pageobjectmodeljat21.TC006_TestGroup" name="logout" time="0.0"/>
  <testcase classname="pageobjectmodeljat21.TC007_EmployeeTest" name="createEmployee" time="0.0">
    <failure type="org.testng.TestNGException" message="
Parameter &amp;apos;empname&amp;apos; is required by @Test on method createEmployee but has not been marked @Optional or defined
in D:\JavaConcept\pageobjectmodeljat21\testngparallel.xml">
      <![CDATA[org.testng.TestNGException: 
Parameter 'empname' is required by @Test on method createEmployee but has not been marked @Optional or defined
in D:\JavaConcept\pageobjectmodeljat21\testngparallel.xml
at java.base/java.util.ArrayList.forEach(ArrayList.java:1511)
... Removed 26 stack frames]]>
    </failure>
  </testcase> <!-- createEmployee -->
  <testcase classname="pageobjectmodeljat21.TC007_EmployeeTest" name="updatEmployee" time="0.001"/>
  <testcase classname="pageobjectmodeljat21.TC007_EmployeeTest" name="deleteEmployee" time="0.001"/>
  <testcase classname="pageobjectmodeljat21.TC007_EmployeeTest" name="getEmployeeDetails" time="0.002"/>
</testsuite> <!-- Test2 -->
