<?xml version="1.0" encoding="UTF-8"?>
<!-- Generated by org.testng.reporters.JUnitReportReporter -->
<testsuite hostname="DESKTOP-VPOCKJB" failures="0" tests="6" name="pageobjectmodeljat21.TC004_TestDemo" time="-1724738560.000" errors="1" timestamp="2024-08-27T11:33:13 IST" skipped="5">
  <testcase classname="pageobjectmodeljat21.TC004_TestDemo" name="Cartadd" time="0.000">
    <skipped/>
  </testcase> <!-- Cartadd -->
  <system-out/>
  <testcase classname="pageobjectmodeljat21.TC004_TestDemo" name="Logout" time="0.000">
    <skipped/>
  </testcase> <!-- Logout -->
  <system-out/>
  <testcase classname="pageobjectmodeljat21.TC004_TestDemo" name="browserLaunch" time="-1724738560.000">
    <error message="
Parameter &#039;browser&#039; is required by BeforeMethod on method browserLaunch but has not been marked @Optional or defined
in D:\JavaConcept\pageobjectmodeljat21\testng2.xml" type="org.testng.TestNGException">
      <![CDATA[org.testng.TestNGException: 
Parameter 'browser' is required by BeforeMethod on method browserLaunch but has not been marked @Optional or defined
in D:\JavaConcept\pageobjectmodeljat21\testng2.xml
at org.testng.internal.Parameters.createParams(Parameters.java:267)
at org.testng.internal.Parameters.createParametersForMethod(Parameters.java:355)
at org.testng.internal.Parameters.createParameters(Parameters.java:660)
at org.testng.internal.Parameters.createConfigurationParameters(Parameters.java:166)
at org.testng.internal.invokers.ConfigInvoker.invokeConfigurations(ConfigInvoker.java:300)
at org.testng.internal.invokers.TestInvoker.runConfigMethods(TestInvoker.java:781)
at org.testng.internal.invokers.TestInvoker.invokeMethod(TestInvoker.java:574)
at org.testng.internal.invokers.TestInvoker.invokeTestMethod(TestInvoker.java:219)
at org.testng.internal.invokers.MethodRunner.runInSequence(MethodRunner.java:50)
at org.testng.internal.invokers.TestInvoker$MethodInvocationAgent.invoke(TestInvoker.java:923)
at org.testng.internal.invokers.TestInvoker.invokeTestMethods(TestInvoker.java:192)
at org.testng.internal.invokers.TestMethodWorker.invokeTestMethods(TestMethodWorker.java:146)
at org.testng.internal.invokers.TestMethodWorker.run(TestMethodWorker.java:128)
at java.base/java.util.ArrayList.forEach(ArrayList.java:1511)
at org.testng.TestRunner.privateRun(TestRunner.java:808)
at org.testng.TestRunner.run(TestRunner.java:603)
at org.testng.SuiteRunner.runTest(SuiteRunner.java:429)
at org.testng.SuiteRunner.runSequentially(SuiteRunner.java:423)
at org.testng.SuiteRunner.privateRun(SuiteRunner.java:383)
at org.testng.SuiteRunner.run(SuiteRunner.java:326)
at org.testng.SuiteRunnerWorker.runSuite(SuiteRunnerWorker.java:52)
at org.testng.SuiteRunnerWorker.run(SuiteRunnerWorker.java:95)
at org.testng.TestNG.runSuitesSequentially(TestNG.java:1249)
at org.testng.TestNG.runSuitesLocally(TestNG.java:1169)
at org.testng.TestNG.runSuites(TestNG.java:1092)
at org.testng.TestNG.run(TestNG.java:1060)
at org.apache.maven.surefire.testng.TestNGExecutor.run(TestNGExecutor.java:284)
at org.apache.maven.surefire.testng.TestNGXmlTestSuite.execute(TestNGXmlTestSuite.java:75)
at org.apache.maven.surefire.testng.TestNGProvider.invoke(TestNGProvider.java:119)
at org.apache.maven.surefire.booter.ForkedBooter.runSuitesInProcess(ForkedBooter.java:428)
at org.apache.maven.surefire.booter.ForkedBooter.execute(ForkedBooter.java:162)
at org.apache.maven.surefire.booter.ForkedBooter.run(ForkedBooter.java:562)
at org.apache.maven.surefire.booter.ForkedBooter.main(ForkedBooter.java:548)
]]>
    </error>
  </testcase> <!-- browserLaunch -->
  <system-out/>
  <testcase classname="pageobjectmodeljat21.TC004_TestDemo" name="Homepage" time="0.000">
    <skipped/>
  </testcase> <!-- Homepage -->
  <system-out/>
  <testcase classname="pageobjectmodeljat21.TC004_TestDemo" name="Login" time="0.000">
    <skipped/>
  </testcase> <!-- Login -->
  <system-out/>
  <testcase classname="pageobjectmodeljat21.TC004_TestDemo" name="Signup" time="0.000">
    <skipped/>
  </testcase> <!-- Signup -->
  <system-out/>
</testsuite> <!-- pageobjectmodeljat21.TC004_TestDemo -->
