<?xml version="1.0" encoding="UTF-8"?>
<!-- Generated by org.testng.reporters.JUnitXMLReporter -->
<testsuite ignored="0" hostname="DESKTOP-VPOCKJB" failures="1" tests="4" name="Test3" time="0.094" errors="0" timestamp="2024-08-21T12:45:31 IST">
  <testcase classname="pageobjectmodeljat21.TC007_EmployeeTest" name="createEmployee" time="0.0">
    <failure type="org.testng.TestNGException" message="
Parameter &amp;apos;empname&amp;apos; is required by @Test on method createEmployee but has not been marked @Optional or defined
in D:\JavaConcept\pageobjectmodeljat21\testngparallel.xml">
      <![CDATA[org.testng.TestNGException: 
Parameter 'empname' is required by @Test on method createEmployee but has not been marked @Optional or defined
in D:\JavaConcept\pageobjectmodeljat21\testngparallel.xml
at java.base/java.util.ArrayList.forEach(ArrayList.java:1511)
... Removed 26 stack frames]]>
    </failure>
  </testcase> <!-- createEmployee -->
  <testcase classname="pageobjectmodeljat21.TC007_EmployeeTest" name="updatEmployee" time="0.004"/>
  <testcase classname="pageobjectmodeljat21.TC007_EmployeeTest" name="deleteEmployee" time="0.001"/>
  <testcase classname="pageobjectmodeljat21.TC007_EmployeeTest" name="getEmployeeDetails" time="0.001"/>
</testsuite> <!-- Test3 -->
