<?xml version="1.0" encoding="UTF-8"?>
<!-- Generated by org.testng.reporters.JUnitXMLReporter -->
<testsuite ignored="0" hostname="DESKTOP-VPOCKJB" failures="1" tests="13" name="Test" time="0.123" errors="0" timestamp="2024-08-21T12:40:35 IST">
  <testcase classname="pageobjectmodeljat21.TC007_EmployeeTest" name="createEmployee" time="0.0">
    <failure type="org.testng.TestNGException" message="
Parameter &amp;apos;empname&amp;apos; is required by @Test on method createEmployee but has not been marked @Optional or defined
in D:\JavaConcept\pageobjectmodeljat21\testngparallel.xml">
      <![CDATA[org.testng.TestNGException: 
Parameter 'empname' is required by @Test on method createEmployee but has not been marked @Optional or defined
in D:\JavaConcept\pageobjectmodeljat21\testngparallel.xml
at java.base/java.util.concurrent.Executors$RunnableAdapter.call(Executors.java:539)
at java.base/java.util.concurrent.FutureTask.run(FutureTask.java:264)
at java.base/java.util.concurrent.ThreadPoolExecutor.runWorker(ThreadPoolExecutor.java:1136)
at java.base/java.util.concurrent.ThreadPoolExecutor$Worker.run(ThreadPoolExecutor.java:635)
at java.base/java.lang.Thread.run(Thread.java:833)
... Removed 12 stack frames]]>
    </failure>
  </testcase> <!-- createEmployee -->
  <testcase classname="pageobjectmodeljat21.TC006_TestGroup" name="login" time="0.009"/>
  <testcase classname="pageobjectmodeljat21.TC004_TestDemo" name="Homepage" time="0.01"/>
  <testcase classname="pageobjectmodeljat21.TC007_EmployeeTest" name="updatEmployee" time="0.005"/>
  <testcase classname="pageobjectmodeljat21.TC007_EmployeeTest" name="deleteEmployee" time="0.001"/>
  <testcase classname="pageobjectmodeljat21.TC004_TestDemo" name="Signup" time="0.001"/>
  <testcase classname="pageobjectmodeljat21.TC006_TestGroup" name="createCustomer" time="0.003"/>
  <testcase classname="pageobjectmodeljat21.TC004_TestDemo" name="Login" time="0.005"/>
  <testcase classname="pageobjectmodeljat21.TC007_EmployeeTest" name="getEmployeeDetails" time="0.006"/>
  <testcase classname="pageobjectmodeljat21.TC004_TestDemo" name="Cartadd" time="0.001"/>
  <testcase classname="pageobjectmodeljat21.TC006_TestGroup" name="createadmin" time="0.004"/>
  <testcase classname="pageobjectmodeljat21.TC004_TestDemo" name="Logout" time="0.002"/>
  <testcase classname="pageobjectmodeljat21.TC006_TestGroup" name="logout" time="0.001"/>
</testsuite> <!-- Test -->
