<html>
<head>
<title>TestNG:  Test</title>
<link href="../testng.css" rel="stylesheet" type="text/css" />
<link href="../my-testng.css" rel="stylesheet" type="text/css" />

<style type="text/css">
.log { display: none;} 
.stack-trace { display: none;} 
</style>
<script type="text/javascript">
<!--
function flip(e) {
  current = e.style.display;
  if (current == 'block') {
    e.style.display = 'none';
    return 0;
  }
  else {
    e.style.display = 'block';
    return 1;
  }
}

function toggleBox(szDivId, elem, msg1, msg2)
{
  var res = -1;  if (document.getElementById) {
    res = flip(document.getElementById(szDivId));
  }
  else if (document.all) {
    // this is the way old msie versions work
    res = flip(document.all[szDivId]);
  }
  if(elem) {
    if(res == 0) elem.innerHTML = msg1; else elem.innerHTML = msg2;
  }

}

function toggleAllBoxes() {
  if (document.getElementsByTagName) {
    d = document.getElementsByTagName('div');
    for (i = 0; i < d.length; i++) {
      if (d[i].className == 'log') {
        flip(d[i]);
      }
    }
  }
}

// -->
</script>

</head>
<body>
<h2 align='center'>Test</h2><table border='1' align="center">
<tr>
<td>Tests passed/Failed/Skipped:</td><td>12/1/0</td>
</tr><tr>
<td>Started on:</td><td>Wed Aug 21 12:40:35 IST 2024</td>
</tr>
<tr><td>Total time:</td><td>0 seconds (123 ms)</td>
</tr><tr>
<td>Included groups:</td><td></td>
</tr><tr>
<td>Excluded groups:</td><td></td>
</tr>
</table><p/>
<small><i>(Hover the method name to see the test class name)</i></small><p/>
<table width='100%' border='1' class='invocation-failed'>
<tr><td colspan='4' align='center'><b>FAILED TESTS</b></td></tr>
<tr><td><b>Test method</b></td>
<td><b>Attribute(s)</b></td>
<td width="30%"><b>Exception</b></td>
<td width="10%"><b>Time (seconds)</b></td>
<td><b>Instance</b></td>
</tr>
<tr>
<td title='pageobjectmodeljat21.TC007_EmployeeTest.createEmployee()'><b>createEmployee</b><br>Test class: pageobjectmodeljat21.TC007_EmployeeTest</td>
<td><div><pre>org.testng.TestNGException: 
Parameter &apos;empname&apos; is required by @Test on method createEmployee but has not been marked @Optional or defined
in D:\JavaConcept\pageobjectmodeljat21\testngparallel.xml
	at java.base/java.util.concurrent.Executors$RunnableAdapter.call(Executors.java:539)
	at java.base/java.util.concurrent.FutureTask.run(FutureTask.java:264)
	at java.base/java.util.concurrent.ThreadPoolExecutor.runWorker(ThreadPoolExecutor.java:1136)
	at java.base/java.util.concurrent.ThreadPoolExecutor$Worker.run(ThreadPoolExecutor.java:635)
	at java.base/java.lang.Thread.run(Thread.java:833)
... Removed 12 stack frames</pre></div><a href='#' onClick='toggleBox("stack-trace1961538073", this, "Click to show all stack frames", "Click to hide stack frames")'>Click to show all stack frames</a>
<div class='stack-trace' id='stack-trace1961538073'><pre>org.testng.TestNGException: 
Parameter &apos;empname&apos; is required by @Test on method createEmployee but has not been marked @Optional or defined
in D:\JavaConcept\pageobjectmodeljat21\testngparallel.xml
	at org.testng.internal.Parameters.createParams(Parameters.java:264)
	at org.testng.internal.Parameters.createParametersForMethod(Parameters.java:352)
	at org.testng.internal.Parameters.createParameters(Parameters.java:690)
	at org.testng.internal.Parameters.handleParameters(Parameters.java:885)
	at org.testng.internal.Parameters.handleParameters(Parameters.java:734)
	at org.testng.internal.invokers.ParameterHandler.handleParameters(ParameterHandler.java:72)
	at org.testng.internal.invokers.ParameterHandler.createParameters(ParameterHandler.java:51)
	at org.testng.internal.invokers.TestInvoker$MethodInvocationAgent.invoke(TestInvoker.java:946)
	at org.testng.internal.invokers.TestInvoker.invokeTestMethods(TestInvoker.java:203)
	at org.testng.internal.invokers.TestMethodWorker.invokeTestMethods(TestMethodWorker.java:154)
	at org.testng.internal.invokers.TestMethodWorker.run(TestMethodWorker.java:134)
	at java.base/java.util.concurrent.Executors$RunnableAdapter.call(Executors.java:539)
	at java.base/java.util.concurrent.FutureTask.run(FutureTask.java:264)
	at org.testng.internal.thread.graph.TestNGFutureTask.run(TestNGFutureTask.java:22)
	at java.base/java.util.concurrent.ThreadPoolExecutor.runWorker(ThreadPoolExecutor.java:1136)
	at java.base/java.util.concurrent.ThreadPoolExecutor$Worker.run(ThreadPoolExecutor.java:635)
	at java.base/java.lang.Thread.run(Thread.java:833)
</pre></div></td>
<td>0</td>
<td>pageobjectmodeljat21.TC007_EmployeeTest@557caf28</td></tr>
</table><p>
<table width='100%' border='1' class='invocation-passed'>
<tr><td colspan='4' align='center'><b>PASSED TESTS</b></td></tr>
<tr><td><b>Test method</b></td>
<td><b>Attribute(s)</b></td>
<td width="30%"><b>Exception</b></td>
<td width="10%"><b>Time (seconds)</b></td>
<td><b>Instance</b></td>
</tr>
<tr>
<td title='pageobjectmodeljat21.TC007_EmployeeTest.getEmployeeDetails()'><b>getEmployeeDetails</b><br>Test class: pageobjectmodeljat21.TC007_EmployeeTest</td>
<td></td>
<td>0</td>
<td>pageobjectmodeljat21.TC007_EmployeeTest@557caf28</td></tr>
<tr>
<td title='pageobjectmodeljat21.TC006_TestGroup.createadmin()'><b>createadmin</b><br>Test class: pageobjectmodeljat21.TC006_TestGroup</td>
<td></td>
<td>0</td>
<td>pageobjectmodeljat21.TC006_TestGroup@75d4a5c2</td></tr>
<tr>
<td title='pageobjectmodeljat21.TC004_TestDemo.Login()'><b>Login</b><br>Test class: pageobjectmodeljat21.TC004_TestDemo<br>Test method: This is login method</td>
<td></td>
<td>0</td>
<td>pageobjectmodeljat21.TC004_TestDemo@6b2ea799</td></tr>
<tr>
<td title='pageobjectmodeljat21.TC004_TestDemo.Logout()'><b>Logout</b><br>Test class: pageobjectmodeljat21.TC004_TestDemo<br>Test method: This is Logout method</td>
<td></td>
<td>0</td>
<td>pageobjectmodeljat21.TC004_TestDemo@6b2ea799</td></tr>
<tr>
<td title='pageobjectmodeljat21.TC004_TestDemo.Homepage()'><b>Homepage</b><br>Test class: pageobjectmodeljat21.TC004_TestDemo<br>Test method: This is Homepage method</td>
<td></td>
<td>0</td>
<td>pageobjectmodeljat21.TC004_TestDemo@6b2ea799</td></tr>
<tr>
<td title='pageobjectmodeljat21.TC006_TestGroup.logout()'><b>logout</b><br>Test class: pageobjectmodeljat21.TC006_TestGroup</td>
<td></td>
<td>0</td>
<td>pageobjectmodeljat21.TC006_TestGroup@75d4a5c2</td></tr>
<tr>
<td title='pageobjectmodeljat21.TC006_TestGroup.createCustomer()'><b>createCustomer</b><br>Test class: pageobjectmodeljat21.TC006_TestGroup</td>
<td></td>
<td>0</td>
<td>pageobjectmodeljat21.TC006_TestGroup@75d4a5c2</td></tr>
<tr>
<td title='pageobjectmodeljat21.TC007_EmployeeTest.updatEmployee()'><b>updatEmployee</b><br>Test class: pageobjectmodeljat21.TC007_EmployeeTest</td>
<td></td>
<td>0</td>
<td>pageobjectmodeljat21.TC007_EmployeeTest@557caf28</td></tr>
<tr>
<td title='pageobjectmodeljat21.TC007_EmployeeTest.deleteEmployee()'><b>deleteEmployee</b><br>Test class: pageobjectmodeljat21.TC007_EmployeeTest</td>
<td></td>
<td>0</td>
<td>pageobjectmodeljat21.TC007_EmployeeTest@557caf28</td></tr>
<tr>
<td title='pageobjectmodeljat21.TC006_TestGroup.login()'><b>login</b><br>Test class: pageobjectmodeljat21.TC006_TestGroup</td>
<td></td>
<td>0</td>
<td>pageobjectmodeljat21.TC006_TestGroup@75d4a5c2</td></tr>
<tr>
<td title='pageobjectmodeljat21.TC004_TestDemo.Cartadd()'><b>Cartadd</b><br>Test class: pageobjectmodeljat21.TC004_TestDemo<br>Test method: This is Add product to cart method</td>
<td></td>
<td>0</td>
<td>pageobjectmodeljat21.TC004_TestDemo@6b2ea799</td></tr>
<tr>
<td title='pageobjectmodeljat21.TC004_TestDemo.Signup()'><b>Signup</b><br>Test class: pageobjectmodeljat21.TC004_TestDemo<br>Test method: This is Signup  method</td>
<td></td>
<td>0</td>
<td>pageobjectmodeljat21.TC004_TestDemo@6b2ea799</td></tr>
</table><p>
</body>
</html>